Using pre-set license
Built from '2020.3/release' branch; Version is '2020.3.2f1 (8fd9074bf66c) revision 9427207'; Using compiler version '192528614'; Build Type 'Release'
OS: 'Windows 10 Home Single Language; OS build 22631.4169; Version 2009; 64bit' Language: 'pt' Physical Memory: 7955 MB
BatchMode: 1, IsHumanControllingUs: 0, StartBugReporterOnCrash: 0, Is64bit: 1, IsPro: 0

 COMMAND LINE ARGUMENTS:
C:\Program Files\Unity\Hub\Editor\2020.3.2f1\Editor\Unity.exe
-adb2
-batchMode
-noUpm
-name
AssetImportWorker0
-projectPath
C:/Users/hugol/OneDrive/Documentos/GitHub/EBAC_Projeto_Final
-logFile
Logs/AssetImportWorker0.log
-srvPort
54898
Successfully changed project path to: C:/Users/hugol/OneDrive/Documentos/GitHub/EBAC_Projeto_Final
C:/Users/hugol/OneDrive/Documentos/GitHub/EBAC_Projeto_Final
Using Asset Import Pipeline V2.
Refreshing native plugins compatible for Editor in 39.81 ms, found 0 plugins.
Preloading 0 native plugins for Editor in 0.00 ms.
Initialize engine version: 2020.3.2f1 (8fd9074bf66c)
[Subsystems] Discovering subsystems at path C:/Program Files/Unity/Hub/Editor/2020.3.2f1/Editor/Data/Resources/UnitySubsystems
[Subsystems] Discovering subsystems at path C:/Users/hugol/OneDrive/Documentos/GitHub/EBAC_Projeto_Final/Assets
GfxDevice: creating device client; threaded=0
Direct3D:
    Version:  Direct3D 11.0 [level 11.1]
    Renderer: Intel(R) UHD Graphics (ID=0x9a68)
    Vendor:   
    VRAM:     3977 MB
    Driver:   30.0.100.9864
Initialize mono
Mono path[0] = 'C:/Program Files/Unity/Hub/Editor/2020.3.2f1/Editor/Data/Managed'
Mono path[1] = 'C:/Program Files/Unity/Hub/Editor/2020.3.2f1/Editor/Data/MonoBleedingEdge/lib/mono/unityjit'
Mono config path = 'C:/Program Files/Unity/Hub/Editor/2020.3.2f1/Editor/Data/MonoBleedingEdge/etc'
Using monoOptions --debugger-agent=transport=dt_socket,embedding=1,server=y,suspend=n,address=127.0.0.1:56892
Begin MonoManager ReloadAssembly
Registering precompiled unity dll's ...
Register platform support module: C:/Program Files/Unity/Hub/Editor/2020.3.2f1/Editor/Data/PlaybackEngines/WindowsStandaloneSupport/UnityEditor.WindowsStandalone.Extensions.dll
Registered in 0.004370 seconds.
Native extension for WindowsStandalone target not found
Refreshing native plugins compatible for Editor in 46.76 ms, found 0 plugins.
Preloading 0 native plugins for Editor in 0.00 ms.
Invoked RoslynAnalysisRunner static constructor.
RoslynAnalysisRunner will not be running.
RoslynAnalysisRunner has terminated.
Mono: successfully reloaded assembly
- Completed reload, in  6.418 seconds
Platform modules already initialized, skipping
Registering precompiled user dll's ...
Registered in 0.007029 seconds.
Begin MonoManager ReloadAssembly
Native extension for WindowsStandalone target not found
Refreshing native plugins compatible for Editor in 69.60 ms, found 0 plugins.
Preloading 0 native plugins for Editor in 0.00 ms.
Invoked RoslynAnalysisRunner static constructor.
RoslynAnalysisRunner will not be running.
RoslynAnalysisRunner has terminated.
Mono: successfully reloaded assembly
- Completed reload, in  1.393 seconds
Platform modules already initialized, skipping
========================================================================
Worker process is ready to serve import requests
Launched and connected shader compiler UnityShaderCompiler.exe after 0.11 seconds
Refreshing native plugins compatible for Editor in 0.34 ms, found 0 plugins.
Preloading 0 native plugins for Editor in 0.00 ms.
Unloading 1861 Unused Serialized files (Serialized files now loaded: 0)
System memory in use before: 90.3 MB.
System memory in use after: 90.3 MB.

Unloading 15 unused Assets to reduce memory usage. Loaded Objects now: 2314.
Total: 6.137900 ms (FindLiveObjects: 0.443100 ms CreateObjectMapping: 0.073500 ms MarkObjects: 5.127900 ms  DeleteObjects: 0.491700 ms)

========================================================================
Received Import Request.
  path: Assets/Scripts/Health/HealthBase.cs
  artifactKey: Guid(3b0963af519fd81409aef9a41923ce32) Importer(815301076,1909f56bfc062723c751e8b465ee728b)
Start importing Assets/Scripts/Health/HealthBase.cs using Guid(3b0963af519fd81409aef9a41923ce32) Importer(815301076,1909f56bfc062723c751e8b465ee728b)  -> (artifact id: '2637274a5e68c4d7bd02a1ae4321e46f') in 0.064344 seconds
  Import took 0.069074 seconds .

========================================================================
Received Import Request.
  Time since last request: 90.947433 seconds.
  path: Assets/Scripts/Health/HealthBase.cs
  artifactKey: Guid(3b0963af519fd81409aef9a41923ce32) Importer(815301076,1909f56bfc062723c751e8b465ee728b)
Start importing Assets/Scripts/Health/HealthBase.cs using Guid(3b0963af519fd81409aef9a41923ce32) Importer(815301076,1909f56bfc062723c751e8b465ee728b)  -> (artifact id: 'ebfd53e9d7e344462ef34cc1ff225786') in 0.005032 seconds
  Import took 0.011440 seconds .

========================================================================
Received Prepare
Registering precompiled user dll's ...
Registered in 0.001495 seconds.
Begin MonoManager ReloadAssembly
Native extension for WindowsStandalone target not found
Refreshing native plugins compatible for Editor in 0.69 ms, found 0 plugins.
Preloading 0 native plugins for Editor in 0.00 ms.
Invoked RoslynAnalysisRunner static constructor.
RoslynAnalysisRunner will not be running.
RoslynAnalysisRunner has terminated.
Mono: successfully reloaded assembly
- Completed reload, in  1.083 seconds
Platform modules already initialized, skipping
Refreshing native plugins compatible for Editor in 0.41 ms, found 0 plugins.
Preloading 0 native plugins for Editor in 0.00 ms.
Unloading 1814 Unused Serialized files (Serialized files now loaded: 0)
System memory in use before: 86.3 MB.
System memory in use after: 86.4 MB.

Unloading 8 unused Assets to reduce memory usage. Loaded Objects now: 2317.
Total: 4.676300 ms (FindLiveObjects: 0.506300 ms CreateObjectMapping: 0.114000 ms MarkObjects: 3.935800 ms  DeleteObjects: 0.116100 ms)

========================================================================
Received Prepare
Registering precompiled user dll's ...
Registered in 0.005661 seconds.
Begin MonoManager ReloadAssembly
Native extension for WindowsStandalone target not found
Refreshing native plugins compatible for Editor in 0.66 ms, found 0 plugins.
Preloading 0 native plugins for Editor in 0.00 ms.
Invoked RoslynAnalysisRunner static constructor.
RoslynAnalysisRunner will not be running.
RoslynAnalysisRunner has terminated.
Mono: successfully reloaded assembly
- Completed reload, in  1.406 seconds
Platform modules already initialized, skipping
Refreshing native plugins compatible for Editor in 0.37 ms, found 0 plugins.
Preloading 0 native plugins for Editor in 0.00 ms.
Unloading 1814 Unused Serialized files (Serialized files now loaded: 0)
System memory in use before: 86.4 MB.
System memory in use after: 86.4 MB.

Unloading 8 unused Assets to reduce memory usage. Loaded Objects now: 2320.
Total: 4.094000 ms (FindLiveObjects: 0.295500 ms CreateObjectMapping: 0.115300 ms MarkObjects: 3.586100 ms  DeleteObjects: 0.094100 ms)

========================================================================
Received Prepare
Registering precompiled user dll's ...
Registered in 0.007266 seconds.
Begin MonoManager ReloadAssembly
Native extension for WindowsStandalone target not found
Refreshing native plugins compatible for Editor in 1.05 ms, found 0 plugins.
Preloading 0 native plugins for Editor in 0.00 ms.
Invoked RoslynAnalysisRunner static constructor.
RoslynAnalysisRunner will not be running.
RoslynAnalysisRunner has terminated.
Mono: successfully reloaded assembly
- Completed reload, in  2.438 seconds
Platform modules already initialized, skipping
Refreshing native plugins compatible for Editor in 1.11 ms, found 0 plugins.
Preloading 0 native plugins for Editor in 0.00 ms.
Unloading 1814 Unused Serialized files (Serialized files now loaded: 0)
System memory in use before: 86.4 MB.
System memory in use after: 86.5 MB.

Unloading 8 unused Assets to reduce memory usage. Loaded Objects now: 2323.
Total: 13.346400 ms (FindLiveObjects: 1.690100 ms CreateObjectMapping: 0.192500 ms MarkObjects: 10.899900 ms  DeleteObjects: 0.558400 ms)

========================================================================
Received Import Request.
  Time since last request: 3504.566016 seconds.
  path: Assets/Art/2D/Sprites/cura.png
  artifactKey: Guid(e9ea208bf3a065f46b3ad97efd9d1d79) Importer(815301076,1909f56bfc062723c751e8b465ee728b)
Start importing Assets/Art/2D/Sprites/cura.png using Guid(e9ea208bf3a065f46b3ad97efd9d1d79) Importer(815301076,1909f56bfc062723c751e8b465ee728b)  -> (artifact id: '3673a9489111c075015cd17592a500d0') in 0.627490 seconds
  Import took 0.827013 seconds .

========================================================================
Received Import Request.
  Time since last request: 30.779390 seconds.
  path: Assets/_ScriptableObjects/SO_LifePack.asset
  artifactKey: Guid(40e561d7a7920fe4586025aaf3597bb1) Importer(815301076,1909f56bfc062723c751e8b465ee728b)
Start importing Assets/_ScriptableObjects/SO_LifePack.asset using Guid(40e561d7a7920fe4586025aaf3597bb1) Importer(815301076,1909f56bfc062723c751e8b465ee728b)  -> (artifact id: '0c4b0b422411e04c40f531324838d5a9') in 0.031422 seconds
  Import took 0.044144 seconds .

========================================================================
Received Import Request.
  Time since last request: 64.512242 seconds.
  path: Assets/Prefab/itens/PFB_Life_Pack.prefab
  artifactKey: Guid(77127fcb3135d4d408f97cdcff690b41) Importer(815301076,1909f56bfc062723c751e8b465ee728b)
Start importing Assets/Prefab/itens/PFB_Life_Pack.prefab using Guid(77127fcb3135d4d408f97cdcff690b41) Importer(815301076,1909f56bfc062723c751e8b465ee728b)  -> (artifact id: 'e6e96486d25a71fca696a34d491de778') in 0.257914 seconds
  Import took 0.266463 seconds .

========================================================================
Received Import Request.
  Time since last request: 11.353063 seconds.
  path: Assets/Prefab/itens/PFB_Coin.prefab
  artifactKey: Guid(a1ff7887035931b4b9df9758531721ef) Importer(815301076,1909f56bfc062723c751e8b465ee728b)
Start importing Assets/Prefab/itens/PFB_Coin.prefab using Guid(a1ff7887035931b4b9df9758531721ef) Importer(815301076,1909f56bfc062723c751e8b465ee728b)  -> (artifact id: '2110c3295c7f2864a89e5b87e7b0cbde') in 0.027054 seconds
  Import took 0.033279 seconds .

========================================================================
Received Prepare
Registering precompiled user dll's ...
Registered in 0.001504 seconds.
Begin MonoManager ReloadAssembly
Native extension for WindowsStandalone target not found
Refreshing native plugins compatible for Editor in 0.63 ms, found 0 plugins.
Preloading 0 native plugins for Editor in 0.00 ms.
Invoked RoslynAnalysisRunner static constructor.
RoslynAnalysisRunner will not be running.
RoslynAnalysisRunner has terminated.
Mono: successfully reloaded assembly
- Completed reload, in  1.270 seconds
Platform modules already initialized, skipping
Refreshing native plugins compatible for Editor in 0.41 ms, found 0 plugins.
Preloading 0 native plugins for Editor in 0.00 ms.
Unloading 1814 Unused Serialized files (Serialized files now loaded: 0)
System memory in use before: 89.5 MB.
System memory in use after: 89.6 MB.

Unloading 8 unused Assets to reduce memory usage. Loaded Objects now: 2334.
Total: 3.182200 ms (FindLiveObjects: 0.351900 ms CreateObjectMapping: 0.091500 ms MarkObjects: 2.616100 ms  DeleteObjects: 0.120900 ms)

========================================================================
Received Prepare
Registering precompiled user dll's ...
Registered in 0.001779 seconds.
Begin MonoManager ReloadAssembly
Native extension for WindowsStandalone target not found
Refreshing native plugins compatible for Editor in 0.96 ms, found 0 plugins.
Preloading 0 native plugins for Editor in 0.00 ms.
Invoked RoslynAnalysisRunner static constructor.
RoslynAnalysisRunner will not be running.
RoslynAnalysisRunner has terminated.
Mono: successfully reloaded assembly
- Completed reload, in  1.199 seconds
Platform modules already initialized, skipping
Refreshing native plugins compatible for Editor in 0.47 ms, found 0 plugins.
Preloading 0 native plugins for Editor in 0.00 ms.
Unloading 1814 Unused Serialized files (Serialized files now loaded: 0)
System memory in use before: 89.5 MB.
System memory in use after: 89.6 MB.

Unloading 8 unused Assets to reduce memory usage. Loaded Objects now: 2337.
Total: 6.554600 ms (FindLiveObjects: 0.653300 ms CreateObjectMapping: 0.099800 ms MarkObjects: 5.425100 ms  DeleteObjects: 0.372900 ms)

AssetImportWorkerClient::OnTransportError - code=2 error=End of file
